ERROR:root:2023-12-25 02:33:27, Некорректный ввод параметров в терминале ()
ERROR:root:2023-12-25 02:33:43, Некорректный ввод параметров в терминале ()
ERROR:root:2023-12-25 02:33:48, Некорректный ввод параметров в терминале ()
ERROR:root:2023-12-25 02:36:28, Некорректный ввод параметров в терминале ()
ERROR:root:2023-12-25 02:38:45, Некорректный ввод параметров в терминале ()
ERROR:root:2023-12-25 02:40:06, Некорректный ввод параметров в терминале ()
ERROR:root:2023-12-25 02:50:22, Число находится за границами диапазона 234344334
ERROR:root:2023-12-25 02:50:22, Некорректный ввод параметров в терминале ()
ERROR:root:2023-12-25 02:51:14, Число 234344334 находится за границами диапазона 1 > num < 100000 
ERROR:root:2023-12-25 02:51:14, Некорректный ввод параметров в терминале ()
INFO:root:Число 234 является составным числом
ERROR:root:2023-12-25 02:52:11, Число 234344334 находится за границами диапазона: 1 > num < 100000 
ERROR:root:2023-12-25 02:52:11, Некорректный ввод параметров в терминале ()
INFO:root:2023-12-25 02:52:43, число 234 является составным числом
ERROR:root:2023-12-25 02:52:43, число 234344334 находится за границами диапазона: 1 > num < 100000 
ERROR:root:2023-12-25 02:52:43, Некорректный ввод параметров в терминале ()
INFO:root:2023-12-25 02:54:23, число 234 является составным числом
ERROR:root:2023-12-25 02:54:23, число 234344334 находится за границами диапазона: 1 > num < 100000 
ERROR:root:2023-12-25 02:54:23, Некорректный ввод параметров в терминале ()
INFO:root:2023-12-25 02:54:54, число 234 является составным числом
ERROR:root:2023-12-25 02:54:54, число 234344334 находится за границами диапазона: 1 > num < 100000 
ERROR:root:Некорректный ввод fsdf
ERROR:root:2023-12-25 02:54:54, Некорректный ввод параметров в терминале ()
INFO:root:2023-12-25 02:55:30, число 234 является составным числом
ERROR:root:2023-12-25 02:55:30, число 234344334 находится за границами диапазона: 1 > num < 100000 
ERROR:root:Некорректный ввод fsdf
ERROR:root:2023-12-25 02:55:30, Некорректный ввод параметров в терминале ()
INFO:root:2023-12-25 02:56:03, число 234 является составным числом
ERROR:root:2023-12-25 02:56:03, число 234344334 находится за границами диапазона: 1 > num < 100000 
ERROR:root:Некорректный ввод check_num(fsdf)
ERROR:root:2023-12-25 02:56:03, Некорректный ввод параметров в терминале ()
INFO:root:2023-12-25 02:57:40, число 234 является составным числом
ERROR:root:2023-12-25 02:57:40, число 234344334 находится за границами диапазона: 1 > num < 100000 
ERROR:root:Некорректный ввод: check_num(fsdf)
INFO:root:2023-12-25 02:57:40, число 17 является простым числом
INFO:root:2023-12-25 02:58:17, число 234 является составным числом
ERROR:root:2023-12-25 02:58:17, число 234344334 находится за границами диапазона: 1 > num < 100000 
ERROR:root:Некорректный ввод: check_num(fsdf)
ERROR:root:2023-12-25 02:58:17, Некорректный ввод параметров в терминале ()
INFO:root:2023-12-25 02:59:01, число 234 является составным числом
ERROR:root:2023-12-25 02:59:01, число 234344334 находится за границами диапазона: 1 > num < 100000 
ERROR:root:Некорректный ввод: check_num(fsdf)
ERROR:root:Некорректный ввод: check_num(2j)
ERROR:root:2023-12-25 02:59:01, Некорректный ввод параметров в терминале ()
INFO:root:2023-12-25 02:59:30, число 234 является составным числом
ERROR:root:2023-12-25 02:59:30, число 234344334 находится за границами диапазона: 1 > num < 100000 
ERROR:root:Некорректный ввод: check_num(fsdf)
ERROR:root:Некорректный ввод: check_num(2j)
ERROR:root:2023-12-25 02:59:30, Некорректный ввод параметров в терминале ()
INFO:root:2023-12-25 02:59:45, число 234 является составным числом
ERROR:root:2023-12-25 02:59:45, число 234344334 находится за границами диапазона: 1 > num < 100000 
ERROR:root:Некорректный ввод: check_num(fsdf)
ERROR:root:Некорректный ввод: check_num(2j)
ERROR:root:2023-12-25 02:59:45, Некорректный ввод параметров в терминале ()
INFO:root:2023-12-25 03:05:16, число 234 является составным числом
ERROR:root:2023-12-25 03:05:16, число 234344334 находится за границами диапазона: 1 > num < 100000 
ERROR:root:Некорректный ввод: check_num(fsdf)
ERROR:root:Некорректный ввод: check_num((-0-2j))
ERROR:root:2023-12-25 03:05:16, Некорректный ввод параметров в терминале ()
INFO:root:2023-12-25 03:05:48, число 234 является составным числом
ERROR:root:2023-12-25 03:05:48, число 234344334 находится за границами диапазона: 1 > num < 100000 
ERROR:root:Некорректный ввод: check_num(fsdf)
ERROR:root:Некорректный ввод: check_num((-0-2j))
ERROR:root:2023-12-25 03:05:48, Некорректный ввод параметров в терминале ()
INFO:root:2023-12-25 03:06:06, число 234 является составным числом
ERROR:root:2023-12-25 03:06:06, число 234344334 находится за границами диапазона: 1 > num < 100000 
ERROR:root:Некорректный ввод: check_num(fsdf)
ERROR:root:Некорректный ввод: check_num((-0-2j))
ERROR:root:2023-12-25 03:06:06, Некорректный ввод параметров в терминале ()
INFO:root:2023-12-25 03:06:10, число 234 является составным числом
ERROR:root:2023-12-25 03:06:10, число 234344334 находится за границами диапазона: 1 > num < 100000 
ERROR:root:Некорректный ввод: check_num(fsdf)
ERROR:root:Некорректный ввод: check_num((-0-2j))
INFO:root:2023-12-25 03:06:10, число 17 является простым числом
INFO:root:2023-12-25 03:06:16, число 234 является составным числом
ERROR:root:2023-12-25 03:06:16, число 234344334 находится за границами диапазона: 1 > num < 100000 
ERROR:root:Некорректный ввод: check_num(fsdf)
ERROR:root:Некорректный ввод: check_num((-0-2j))
ERROR:root:2023-12-25 03:06:16, число 176677 находится за границами диапазона: 1 > num < 100000 
INFO:root:2023-12-25 03:06:30, число 234 является составным числом
ERROR:root:2023-12-25 03:06:30, число 234344334 находится за границами диапазона: 1 > num < 100000 
ERROR:root:Некорректный ввод: check_num(fsdf)
ERROR:root:Некорректный ввод: check_num((-0-2j))
INFO:root:2023-12-25 03:06:30, число 17667 является составным числом
ERROR:root:2023-12-25 03:08:45, число 1 находится за границами диапазона: 1 > num < 100000 
ERROR:root:2023-12-25 03:08:45, число 234344334 находится за границами диапазона: 1 > num < 100000 
ERROR:root:2023-12-25 03:08:45, Некорректный ввод: check_num(fsdf)
ERROR:root:2023-12-25 03:08:45, Некорректный ввод: check_num((-0-2j))
ERROR:root:2023-12-25 03:08:45, Некорректный ввод параметров в терминале ()
INFO:root:2023-12-25 03:59:25, число 234 является составным числом
ERROR:root:2023-12-25 03:59:25, число 234344334 находится за границами диапазона: 1 > num < 100000 
ERROR:root:2023-12-25 03:59:25, Некорректный ввод: check_num(fsdf)
ERROR:root:2023-12-25 03:59:25, Некорректный ввод: check_num((-0-2j))
ERROR:root:2023-12-25 03:59:25, Некорректный ввод параметров в терминале ()
INFO:root:2023-12-25 03:59:33, число 234 является составным числом
ERROR:root:2023-12-25 03:59:33, число 234344334 находится за границами диапазона: 1 > num < 100000 
ERROR:root:2023-12-25 03:59:33, Некорректный ввод: check_num(fsdf)
ERROR:root:2023-12-25 03:59:33, Некорректный ввод: check_num((-0-2j))
INFO:root:2023-12-25 03:59:33, число 17 является простым числом
