ERROR:root:Некорректное количество параметров
INFO:root:Треугольник существует
INFO:root:Треугольник разносторонний
INFO:root:Треугольник существует
INFO:root:Треугольник равнобедренный
INFO:root:Треугольник существует
INFO:root:Треугольник равнобедренный
INFO:root:Треугольник существует
INFO:root:Треугольник разносторонний
INFO:root:Треугольник существует
INFO:root:Треугольник равнобедренный
INFO:root:Треугольник существует
INFO:root:Треугольник равносторонний
ERROR:root:Некорректное количество параметров
ERROR:root:Треугольник не существует
ERROR:root:Треугольник со сторонами 6.0 6.0 -4.0 не существует
ERROR:root:Треугольник со сторонами a=6.0 b=6.0 c=-4.0 не существует
INFO:root:Треугольник со сторонами: a=6.0 b=6.0 c=6.0 существует
INFO:root:Треугольник равносторонний
ERROR:root:Некорректное количество параметров
ERROR:root:Некорректное количество параметров
ERROR:root:Некорректное количество параметров
ERROR:root:Некорректное количество параметров
ERROR:root:Некорректное количество параметров
ERROR:root:Некорректный ввод параметров
ERROR:root:Аргументы должны быть числами
ERROR:root:Аргументы должны быть числами
ERROR:root:Аргументы должны быть числами
ERROR:root:Аргументы должны быть числами
ERROR:root:Аргументы должны быть числами
ERROR:root:Аргументы должны быть числами
INFO:root:Треугольник со сторонами: a=6.0 b=6.0 c=9.0 существует
INFO:root:Треугольник равнобедренный
INFO:root:Треугольник существует
INFO:root:Треугольник a=6.0 b=6.0 c=9.0 - равнобедренный
INFO:root:Треугольник существует
INFO:root:Треугольник со сторонами: a=6.0 b=6.0 c=9.0 - равнобедренный
ERROR:root:Аргументы должны быть числами
ERROR:root:Аргументы должны быть числами
ERROR:root:Аргументы должны быть числами
ERROR:root:Аргументы должны быть числами
ERROR:root:Аргументы должны быть числами
ERROR:root:2023-12-25 00:00:00: Треугольник со сторонами: a=-6.0 b=6.0 c=6.0 не существует
ERROR:root:2023-12-25 01:04:53: Треугольник со сторонами: a=-6.0 b=6.0 c=6.0 не существует
ERROR:root:2023-12-25 01:10:41.977048: Треугольник со сторонами: a=-6.0 b=6.0 c=6.0 не существует
ERROR:root:2023-12-25 01:10:55.318906: Треугольник со сторонами: a=-6.0 b=6.0 c=6.0 не существует
ERROR:root:2023-12-25 01:11:40: Треугольник со сторонами: a=-6.0 b=6.0 c=6.0 не существует
ERROR:root:01:13:41: Треугольник со сторонами: a=-6.0 b=6.0 c=6.0 не существует
ERROR:root:2023-12-25 01:14:21: Треугольник со сторонами: a=-6.0 b=6.0 c=6.0 не существует
ERROR:root:2023-12-25 01:14:32, Треугольник со сторонами: a=-6.0 b=6.0 c=6.0 не существует
ERROR:root:Некорректное количество параметров
ERROR:root:Некорректное количество параметров
ERROR:root:Некорректное количество параметров
ERROR:root:Некорректное количество параметров
ERROR:root:2023-12-25 01:34:37, Отрицательные значения сторон треугольника: a=-6.0 b=6.0 c=6.0
INFO:root:Треугольник существует
INFO:root:Треугольник со сторонами: a=6.0 b=6.0 c=6.0 - равносторонний
INFO:root:Треугольник существует
INFO:root:Треугольник со сторонами: a=6.0 b=6.0 c=5.0 - равнобедренный
INFO:root:Треугольник существует
INFO:root:Треугольник со сторонами: a=3.0 b=4.0 c=5.0 - разносторонний
INFO:root:Треугольник существует
INFO:root:2023-12-25 01:35:47, Треугольник со сторонами: a=3.0 b=4.0 c=5.0 - разносторонний
ERROR:root:Некорректное количество параметров
ERROR:root:Некорректное количество параметров
ERROR:root:Некорректное количество параметров
ERROR:root:2023-12-25 01:37:39, Треугольник со сторонами: a=1.0 b=4.0 c=5.0 не существует
ERROR:root:Некорректное количество параметров
ERROR:root:2023-12-25 01:37:46, Треугольник со сторонами: a=1.0 b=4.0 c=5.0 не существует
ERROR:root:Некорректное количество параметров
ERROR:root:2023-12-25 01:37:56, Треугольник со сторонами: a=1.0 b=4.0 c=5.0 не существует
ERROR:root:Некорректное количество параметров
ERROR:root:Некорректное количество параметров
ERROR:root:2023-12-25 01:38:13, Треугольник со сторонами: a=1.0 b=4.0 c=5.0 не существует
ERROR:root:Некорректное количество параметров
INFO:root:Треугольник существует
INFO:root:2023-12-25 01:38:18, Треугольник со сторонами: a=3.0 b=4.0 c=5.0 - разносторонний
ERROR:root:Некорректное количество параметров
INFO:root:Треугольник существует
INFO:root:2023-12-25 01:39:05, Треугольник со сторонами: a=3.0 b=4.0 c=5.0 - разносторонний
ERROR:root:Некорректное количество параметров
INFO:root:Треугольник существует
INFO:root:2023-12-25 01:39:13, Треугольник со сторонами: a=3.0 b=4.0 c=5.0 - разносторонний
ERROR:root:Некорректное количество параметров
INFO:root:Треугольник существует
INFO:root:2023-12-25 01:44:43, Треугольник со сторонами: a=3 b=4 c=5 - разносторонний
INFO:root:Треугольник существует
INFO:root:2023-12-25 01:45:01, Треугольник со сторонами: a=3 b=4 c=5 - разносторонний
INFO:root:Треугольник существует
INFO:root:2023-12-25 01:45:07, Треугольник со сторонами: a=3 b=4 c=5 - разносторонний
INFO:root:Треугольник существует
INFO:root:2023-12-25 01:45:12, Треугольник со сторонами: a=3 b=4 c=5 - разносторонний
INFO:root:Треугольник существует
INFO:root:2023-12-25 01:45:41, Треугольник со сторонами: a=3 b=4 c=5 - разносторонний
INFO:root:Треугольник существует
INFO:root:2023-12-25 01:45:50, Треугольник со сторонами: a=3 b=4 c=5 - разносторонний
INFO:root:Треугольник существует
INFO:root:2023-12-25 01:45:50, Треугольник со сторонами: a=5.0 b=6.0 c=7.0 - разносторонний
INFO:root:Треугольник существует
INFO:root:2023-12-25 01:45:59, Треугольник со сторонами: a=3 b=4 c=5 - разносторонний
INFO:root:Треугольник существует
INFO:root:2023-12-25 01:45:59, Треугольник со сторонами: a=5.0 b=6.0 c=7.0 - разносторонний
INFO:root:Треугольник существует
INFO:root:2023-12-25 01:46:43, Треугольник со сторонами: a=3 b=4 c=5 - разносторонний
ERROR:root:Некорректное количество параметров
ERROR:root:Некорректное количество параметров
ERROR:root:Некорректное количество параметров
INFO:root:Треугольник существует
INFO:root:2023-12-25 01:50:31, Треугольник со сторонами: a=3.0 b=4.0 c=5.0 - разносторонний
ERROR:root:Некорректное количество параметров
INFO:root:Треугольник существует
INFO:root:2023-12-25 01:50:53, Треугольник со сторонами: a=3.0 b=4.0 c=5.0 - разносторонний
INFO:root:Треугольник существует
INFO:root:2023-12-25 01:51:05, Треугольник со сторонами: a=3.0 b=4.0 c=5.0 - разносторонний
INFO:root:Треугольник существует
INFO:root:2023-12-25 01:51:09, Треугольник со сторонами: a=3.0 b=4.0 c=5.0 - разносторонний
ERROR:root:Некорректное количество параметров
ERROR:root:Некорректное количество параметров
ERROR:root:2023-12-25 01:51:31, Отрицательные значения сторон треугольника: a=3.0 b=-4.0 c=5.0
INFO:root:Треугольник существует
INFO:root:2023-12-25 01:51:31, Треугольник со сторонами: a=3.0 b=4.0 c=5.0 - разносторонний
ERROR:root:Некорректное количество параметров
ERROR:root:2023-12-25 01:51:48, Отрицательные значения сторон треугольника: a=3.0 b=-4.0 c=5.0
INFO:root:Треугольник существует
INFO:root:2023-12-25 01:51:48, Треугольник со сторонами: a=3.0 b=4.0 c=5.0 - разносторонний
INFO:root:Треугольник существует
INFO:root:2023-12-25 01:51:48, Треугольник со сторонами: a=5.0 b=6.0 c=7.0 - разносторонний
ERROR:root:2023-12-25 01:52:52, Некорректное количество параметров
ERROR:root:2023-12-25 01:52:52, Отрицательные значения сторон треугольника: a=3.0 b=-4.0 c=5.0
INFO:root:Треугольник существует
INFO:root:2023-12-25 01:52:52, Треугольник со сторонами: a=3.0 b=4.0 c=5.0 - разносторонний
ERROR:root:2023-12-25 01:53:34, Некорректное количество параметров
ERROR:root:2023-12-25 01:53:34, Отрицательные значения сторон треугольника: a=3.0 b=-4.0 c=5.0
INFO:root:Треугольник существует:
INFO:root:2023-12-25 01:53:34, Треугольник со сторонами: a=3.0 b=4.0 c=5.0 - разносторонний
ERROR:root:2023-12-25 01:56:27, Некорректное количество параметров (3, 4)
ERROR:root:2023-12-25 01:56:27, Отрицательные значения сторон треугольника: a=3.0 b=-4.0 c=5.0
INFO:root:Треугольник существует:
INFO:root:2023-12-25 01:56:27, Треугольник со сторонами: a=3.0 b=4.0 c=5.0 - разносторонний
ERROR:root:2023-12-25 01:57:28, Некорректное количество параметров. на входе: check_triangle((3, 4))
ERROR:root:2023-12-25 01:57:28, Отрицательные значения сторон треугольника: a=3.0 b=-4.0 c=5.0
INFO:root:Треугольник существует:
INFO:root:2023-12-25 01:57:28, Треугольник со сторонами: a=3.0 b=4.0 c=5.0 - разносторонний
ERROR:root:2023-12-25 01:57:39, Некорректное количество параметров. на входе: check_triangle(3, 4)
ERROR:root:2023-12-25 01:57:39, Отрицательные значения сторон треугольника: a=3.0 b=-4.0 c=5.0
INFO:root:Треугольник существует:
INFO:root:2023-12-25 01:57:39, Треугольник со сторонами: a=3.0 b=4.0 c=5.0 - разносторонний
ERROR:root:2023-12-25 02:05:45, Некорректное количество параметров. На входе: check_triangle(3, 4)
ERROR:root:2023-12-25 02:05:45, Отрицательные значения сторон треугольника: a=3.0 b=-4.0 c=5.0
INFO:root:Треугольник существует:
INFO:root:2023-12-25 02:05:45, Треугольник со сторонами: a=3.0 b=4.0 c=5.0 - разносторонний
ERROR:root:2023-12-25 02:07:22, Некорректное количество параметров. На входе: check_triangle(3, 4)
ERROR:root:2023-12-25 02:07:22, Отрицательные значения сторон треугольника: a=3.0 b=-4.0 c=5.0
INFO:root:Треугольник существует:
INFO:root:2023-12-25 02:07:22, Треугольник со сторонами: a=3.0 b=4.0 c=5.0 - разносторонний
ERROR:root:2023-12-25 02:08:27, Некорректное количество параметров. На входе: check_triangle(3, 4)
ERROR:root:2023-12-25 02:08:27, Отрицательные значения сторон треугольника: a=3.0 b=-4.0 c=5.0
INFO:root:Треугольник существует:
INFO:root:2023-12-25 02:08:27, Треугольник со сторонами: a=3.0 b=4.0 c=5.0 - разносторонний
ERROR:root:2023-12-25 02:09:26, Некорректное количество параметров. На входе: check_triangle(3, 4)
ERROR:root:2023-12-25 02:09:26, Отрицательные значения сторон треугольника: a=3.0 b=-4.0 c=5.0
INFO:root:Треугольник существует:
INFO:root:2023-12-25 02:09:26, Треугольник со сторонами: a=3.0 b=4.0 c=5.0 - разносторонний
ERROR:root:2023-12-25 02:09:35, Некорректное количество параметров. На входе: check_triangle(3, 4)
ERROR:root:2023-12-25 02:09:35, Отрицательные значения сторон треугольника: a=3.0 b=-4.0 c=5.0
INFO:root:Треугольник существует:
INFO:root:2023-12-25 02:09:35, Треугольник со сторонами: a=3.0 b=4.0 c=5.0 - разносторонний
ERROR:root:2023-12-25 02:10:12, Некорректное количество параметров. На входе: check_triangle(3, 4)
ERROR:root:2023-12-25 02:10:12, Отрицательные значения сторон треугольника: a=3.0 b=-4.0 c=5.0
INFO:root:Треугольник существует:
INFO:root:2023-12-25 02:10:12, Треугольник со сторонами: a=3.0 b=4.0 c=5.0 - разносторонний
ERROR:root:2023-12-25 02:10:59, Некорректное количество параметров. На входе: check_triangle(3, 4)
ERROR:root:2023-12-25 02:10:59, Отрицательные значения сторон треугольника: a=3.0 b=-4.0 c=5.0
INFO:root:Треугольник существует:
INFO:root:2023-12-25 02:10:59, Треугольник со сторонами: a=3.0 b=4.0 c=5.0 - разносторонний
INFO:root:Треугольник существует:
INFO:root:2023-12-25 02:10:59, Треугольник со сторонами: a=5.0 b=6.0 c=7.0 - разносторонний
ERROR:root:2023-12-25 02:11:31, Некорректное количество параметров. На входе: check_triangle(3, 4)
ERROR:root:2023-12-25 02:11:31, Отрицательные значения сторон треугольника: a=3.0 b=-4.0 c=5.0
INFO:root:Треугольник существует:
INFO:root:2023-12-25 02:11:31, Треугольник со сторонами: a=3.0 b=4.0 c=5.0 - разносторонний
ERROR:root:2023-12-25 02:11:52, Некорректное количество параметров. На входе: check_triangle(3, 4)
ERROR:root:2023-12-25 02:11:52, Отрицательные значения сторон треугольника: a=3.0 b=-4.0 c=5.0
INFO:root:Треугольник существует:
INFO:root:2023-12-25 02:11:52, Треугольник со сторонами: a=3.0 b=4.0 c=5.0 - разносторонний
ERROR:root:2023-12-25 02:12:34, Некорректное количество параметров. На входе: check_triangle(3, 4)
ERROR:root:2023-12-25 02:12:34, Отрицательные значения сторон треугольника: a=3.0 b=-4.0 c=5.0
INFO:root:Треугольник существует:
INFO:root:2023-12-25 02:12:34, Треугольник со сторонами: a=3.0 b=4.0 c=5.0 - разносторонний
ERROR:root:2023-12-25 02:12:34, Некорректный ввод параметров
ERROR:root:2023-12-25 02:12:49, Некорректное количество параметров. На входе: check_triangle(3, 4)
ERROR:root:2023-12-25 02:12:49, Отрицательные значения сторон треугольника: a=3.0 b=-4.0 c=5.0
INFO:root:Треугольник существует:
INFO:root:2023-12-25 02:12:49, Треугольник со сторонами: a=3.0 b=4.0 c=5.0 - разносторонний
ERROR:root:2023-12-25 02:12:49, Некорректный ввод параметров в терминале
ERROR:root:2023-12-25 02:13:06, Некорректное количество параметров. На входе: check_triangle(3, 4)
ERROR:root:2023-12-25 02:13:06, Отрицательные значения сторон треугольника: a=3.0 b=-4.0 c=5.0
INFO:root:Треугольник существует:
INFO:root:2023-12-25 02:13:06, Треугольник со сторонами: a=3.0 b=4.0 c=5.0 - разносторонний
ERROR:root:2023-12-25 02:13:06, Некорректный ввод параметров в терминале
ERROR:root:2023-12-25 02:13:34, Некорректное количество параметров. На входе: check_triangle(3, 4)
ERROR:root:2023-12-25 02:13:34, Отрицательные значения сторон треугольника: a=3.0 b=-4.0 c=5.0
INFO:root:Треугольник существует:
INFO:root:2023-12-25 02:13:34, Треугольник со сторонами: a=3.0 b=4.0 c=5.0 - разносторонний
ERROR:root:2023-12-25 02:13:34, Некорректный ввод параметров в терминале check_triangle['/home/valery/PycharmProjects/basic-python/homeworks/homework_15/task_1.py']
ERROR:root:2023-12-25 02:14:23, Некорректное количество параметров. На входе: check_triangle(3, 4)
ERROR:root:2023-12-25 02:14:23, Отрицательные значения сторон треугольника: a=3.0 b=-4.0 c=5.0
INFO:root:Треугольник существует:
INFO:root:2023-12-25 02:14:23, Треугольник со сторонами: a=3.0 b=4.0 c=5.0 - разносторонний
ERROR:root:2023-12-25 02:14:23, Некорректный ввод параметров в терминале check_triangle<class 'argparse.ArgumentParser'>
ERROR:root:2023-12-25 02:14:47, Некорректное количество параметров. На входе: check_triangle(3, 4)
ERROR:root:2023-12-25 02:14:47, Отрицательные значения сторон треугольника: a=3.0 b=-4.0 c=5.0
INFO:root:Треугольник существует:
INFO:root:2023-12-25 02:14:47, Треугольник со сторонами: a=3.0 b=4.0 c=5.0 - разносторонний
ERROR:root:2023-12-25 02:14:47, Некорректный ввод параметров в терминале check_triangle['task_1.py', '5', '6', '7', '7']
ERROR:root:2023-12-25 02:15:21, Некорректное количество параметров. На входе: check_triangle(3, 4)
ERROR:root:2023-12-25 02:15:21, Отрицательные значения сторон треугольника: a=3.0 b=-4.0 c=5.0
INFO:root:Треугольник существует:
INFO:root:2023-12-25 02:15:21, Треугольник со сторонами: a=3.0 b=4.0 c=5.0 - разносторонний
ERROR:root:2023-12-25 02:15:21, Некорректный ввод параметров в терминале check_triangle[]
ERROR:root:2023-12-25 02:15:31, Некорректное количество параметров. На входе: check_triangle(3, 4)
ERROR:root:2023-12-25 02:15:31, Отрицательные значения сторон треугольника: a=3.0 b=-4.0 c=5.0
INFO:root:Треугольник существует:
INFO:root:2023-12-25 02:15:31, Треугольник со сторонами: a=3.0 b=4.0 c=5.0 - разносторонний
ERROR:root:2023-12-25 02:15:31, Некорректный ввод параметров в терминале check_triangle['5', '6', '7', '7']
ERROR:root:2023-12-25 02:15:50, Некорректное количество параметров. На входе: check_triangle(3, 4)
ERROR:root:2023-12-25 02:15:50, Отрицательные значения сторон треугольника: a=3.0 b=-4.0 c=5.0
INFO:root:Треугольник существует:
INFO:root:2023-12-25 02:15:50, Треугольник со сторонами: a=3.0 b=4.0 c=5.0 - разносторонний
ERROR:root:2023-12-25 02:15:50, Некорректный ввод параметров в терминале check_triangle(['5', '6', '7', '7'])
ERROR:root:2023-12-25 02:17:40, Некорректное количество параметров. На входе: check_triangle(3, 4)
ERROR:root:2023-12-25 02:17:40, Отрицательные значения сторон треугольника: a=3.0 b=-4.0 c=5.0
INFO:root:Треугольник существует:
INFO:root:2023-12-25 02:17:40, Треугольник со сторонами: a=3.0 b=4.0 c=5.0 - разносторонний
ERROR:root:2023-12-25 02:17:40, Некорректный ввод параметров в терминале check_triangle('/home/valery/PycharmProjects/basic-python/homeworks/homework_15/task_1.py',)
ERROR:root:2023-12-25 02:17:52, Некорректное количество параметров. На входе: check_triangle(3, 4)
ERROR:root:2023-12-25 02:17:52, Отрицательные значения сторон треугольника: a=3.0 b=-4.0 c=5.0
INFO:root:Треугольник существует:
INFO:root:2023-12-25 02:17:52, Треугольник со сторонами: a=3.0 b=4.0 c=5.0 - разносторонний
ERROR:root:2023-12-25 02:17:52, Некорректный ввод параметров в терминале check_triangle('task_1.py', '5', '6', '7', '7')
ERROR:root:2023-12-25 02:18:07, Некорректное количество параметров. На входе: check_triangle(3, 4)
ERROR:root:2023-12-25 02:18:07, Отрицательные значения сторон треугольника: a=3.0 b=-4.0 c=5.0
INFO:root:Треугольник существует:
INFO:root:2023-12-25 02:18:07, Треугольник со сторонами: a=3.0 b=4.0 c=5.0 - разносторонний
ERROR:root:2023-12-25 02:18:07, Некорректный ввод параметров в терминале check_triangle('5', '6', '7', '7')
ERROR:root:2023-12-25 02:18:55, Некорректное количество параметров. На входе: check_triangle(3, 4)
ERROR:root:2023-12-25 02:18:55, Отрицательные значения сторон треугольника: a=3.0 b=-4.0 c=5.0
INFO:root:Треугольник существует:
INFO:root:2023-12-25 02:18:55, Треугольник со сторонами: a=3.0 b=4.0 c=5.0 - разносторонний
ERROR:root:2023-12-25 02:18:55, Некорректный ввод параметров в терминале ()
ERROR:root:2023-12-25 02:19:12, Некорректное количество параметров. На входе: check_triangle(3, 4)
ERROR:root:2023-12-25 02:19:12, Отрицательные значения сторон треугольника: a=3.0 b=-4.0 c=5.0
INFO:root:Треугольник существует:
INFO:root:2023-12-25 02:19:12, Треугольник со сторонами: a=3.0 b=4.0 c=5.0 - разносторонний
ERROR:root:2023-12-25 02:19:12, Некорректный ввод параметров в терминале ('5', '6', '7', '7')
ERROR:root:2023-12-25 02:19:29, Некорректное количество параметров. На входе: check_triangle(3, 4)
ERROR:root:2023-12-25 02:19:29, Отрицательные значения сторон треугольника: a=3.0 b=-4.0 c=5.0
INFO:root:Треугольник существует:
INFO:root:2023-12-25 02:19:29, Треугольник со сторонами: a=3.0 b=4.0 c=5.0 - разносторонний
ERROR:root:2023-12-25 02:19:29, Некорректный ввод параметров в терминале ()
ERROR:root:2023-12-25 03:59:43, Некорректное количество параметров. На входе: check_triangle(3, 4)
ERROR:root:2023-12-25 03:59:43, Отрицательные значения сторон треугольника: a=3.0 b=-4.0 c=5.0
INFO:root:Треугольник существует:
INFO:root:2023-12-25 03:59:43, Треугольник со сторонами: a=3.0 b=4.0 c=5.0 - разносторонний
INFO:root:Треугольник существует:
INFO:root:2023-12-25 03:59:43, Треугольник со сторонами: a=5.0 b=6.0 c=7.0 - разносторонний
